<?xml version="1.0" encoding="UTF-8"?>
<!-- Generated by org.testng.reporters.JUnitXMLReporter -->
<testsuite hostname="DESKTOP-UTQBCI7" ignored="3" name="Test" tests="1" failures="0" timestamp="2022-01-03T13:27:25 IST" time="130.799" errors="0">
  <testcase name="TC4" time="130.565" classname="appium.mobileframework.Demo1"/>
  <testcase name="TC2" time="0.0" classname="appium.mobileframework.Demo1">
    <ignored/>
  </testcase> <!-- TC2 -->
  <testcase name="TC3" time="0.0" classname="appium.mobileframework.Demo1">
    <ignored/>
  </testcase> <!-- TC3 -->
  <testcase name="TC1" time="0.0" classname="appium.mobileframework.Demo1">
    <ignored/>
  </testcase> <!-- TC1 -->
</testsuite> <!-- Test -->
