<?xml version="1.0" encoding="UTF-8"?>
<!-- Generated by org.testng.reporters.JUnitXMLReporter -->
<testsuite ignored="2" hostname="DESKTOP-NR3C8QD" failures="0" tests="1" name="Default test" time="5.452" errors="0" timestamp="2021-12-13T16:30:43 IST">
  <testcase classname="selenium.jsexecutor" name="HTML_File" time="0.09"/>
  <testcase classname="selenium.jsexecutor" name="JS" time="0.0">
    <ignored/>
  </testcase> <!-- JS -->
  <testcase classname="selenium.jsexecutor" name="frame" time="0.0">
    <ignored/>
  </testcase> <!-- frame -->
</testsuite> <!-- Default test -->
