<?xml version="1.0" encoding="UTF-8"?>
<!-- Generated by org.testng.reporters.JUnitXMLReporter -->
<testsuite ignored="1" hostname="DESKTOP-NR3C8QD" failures="0" tests="1" name="Default test" time="8.822" errors="0" timestamp="2021-12-07T13:35:52 IST">
  <testcase classname="demoTesting.restDemo" name="TestCase_02_login" time="8.76"/>
  <testcase classname="demoTesting.restDemo" name="TestCase_01_signUp" time="0.0">
    <ignored/>
  </testcase> <!-- TestCase_01_signUp -->
</testsuite> <!-- Default test -->
