<?xml version="1.0" encoding="UTF-8"?>
<!-- Generated by org.testng.reporters.JUnitXMLReporter -->
<testsuite ignored="4" hostname="DESKTOP-NR3C8QD" failures="0" tests="1" name="Default test" time="110.434" errors="0" timestamp="2021-12-27T16:53:09 IST">
  <testcase classname="appium.mobileframework.generalStoreTesting" name="test5" time="52.807"/>
  <testcase classname="appium.mobileframework.generalStoreTesting" name="test1" time="0.0">
    <ignored/>
  </testcase> <!-- test1 -->
  <testcase classname="appium.mobileframework.generalStoreTesting" name="test4" time="0.0">
    <ignored/>
  </testcase> <!-- test4 -->
  <testcase classname="appium.mobileframework.generalStoreTesting" name="Test3" time="0.0">
    <ignored/>
  </testcase> <!-- Test3 -->
  <testcase classname="appium.mobileframework.generalStoreTesting" name="negetiveTest" time="0.0">
    <ignored/>
  </testcase> <!-- negetiveTest -->
</testsuite> <!-- Default test -->
