<?xml version="1.0" encoding="UTF-8"?>
<!-- Generated by org.testng.reporters.JUnitXMLReporter -->
<testsuite ignored="4" hostname="DESKTOP-NR3C8QD" failures="0" tests="1" name="Default test" time="80.792" errors="0" timestamp="27 Dec 2021 07:34:25 GMT">
  <testcase classname="hybridAppTesting.generalStoreTesting" name="test5" time="52.482"/>
  <testcase classname="hybridAppTesting.generalStoreTesting" name="test1" time="0.0">
    <ignored/>
  </testcase> <!-- test1 -->
  <testcase classname="hybridAppTesting.generalStoreTesting" name="Test3" time="0.0">
    <ignored/>
  </testcase> <!-- Test3 -->
  <testcase classname="hybridAppTesting.generalStoreTesting" name="test4" time="0.0">
    <ignored/>
  </testcase> <!-- test4 -->
  <testcase classname="hybridAppTesting.generalStoreTesting" name="negetiveTest" time="0.0">
    <ignored/>
  </testcase> <!-- negetiveTest -->
</testsuite> <!-- Default test -->
