<?xml version="1.0" encoding="UTF-8"?>
<testng-results ignored="0" total="1" passed="1" failed="0" skipped="0">
  <reporter-output>
  </reporter-output>
  <suite started-at="2021-12-10T16:22:41 IST" name="Default suite" finished-at="2021-12-10T16:23:09 IST" duration-ms="27327">
    <groups>
    </groups>
    <test started-at="2021-12-10T16:22:41 IST" name="Default test" finished-at="2021-12-10T16:23:09 IST" duration-ms="27327">
      <class name="epic_01.Login">
        <test-method is-config="true" signature="BT()[pri:0, instance:epic_01.Login@635eaaf1]" started-at="2021-12-10T16:22:41 IST" name="BT" finished-at="2021-12-10T16:22:49 IST" duration-ms="7636" status="PASS">
          <reporter-output>
          </reporter-output>
        </test-method> <!-- BT -->
        <test-method signature="testcase_01()[pri:0, instance:epic_01.Login@635eaaf1]" started-at="2021-12-10T16:22:49 IST" name="testcase_01" finished-at="2021-12-10T16:23:03 IST" duration-ms="13875" status="PASS">
          <reporter-output>
          </reporter-output>
        </test-method> <!-- testcase_01 -->
        <test-method is-config="true" signature="AT()[pri:0, instance:epic_01.Login@635eaaf1]" started-at="2021-12-10T16:23:03 IST" name="AT" finished-at="2021-12-10T16:23:09 IST" duration-ms="5743" status="PASS">
          <reporter-output>
          </reporter-output>
        </test-method> <!-- AT -->
      </class> <!-- epic_01.Login -->
    </test> <!-- Default test -->
  </suite> <!-- Default suite -->
</testng-results>
