<?xml version="1.0" encoding="UTF-8"?>
<testng-results ignored="4" total="5" passed="1" failed="0" skipped="0">
  <reporter-output>
  </reporter-output>
  <suite started-at="2021-12-27T16:51:19 IST" name="Default suite" finished-at="2021-12-27T16:53:09 IST" duration-ms="110434">
    <groups>
    </groups>
    <test started-at="2021-12-27T16:51:19 IST" name="Default test" finished-at="2021-12-27T16:53:09 IST" duration-ms="110434">
      <class name="appium.mobileframework.generalStoreTesting">
        <test-method is-config="true" signature="bt()[pri:0, instance:appium.mobileframework.generalStoreTesting@57a3af25]" started-at="2021-12-27T16:51:19 IST" name="bt" finished-at="2021-12-27T16:52:17 IST" duration-ms="57540" status="PASS">
          <reporter-output>
          </reporter-output>
        </test-method> <!-- bt -->
        <test-method signature="test5()[pri:0, instance:appium.mobileframework.generalStoreTesting@57a3af25]" started-at="2021-12-27T16:52:17 IST" name="test5" finished-at="2021-12-27T16:53:09 IST" duration-ms="52807" status="PASS">
          <reporter-output>
          </reporter-output>
        </test-method> <!-- test5 -->
      </class> <!-- appium.mobileframework.generalStoreTesting -->
    </test> <!-- Default test -->
  </suite> <!-- Default suite -->
</testng-results>
