<?xml version="1.0" encoding="UTF-8"?>
<!-- Generated by org.testng.reporters.JUnitXMLReporter -->
<testsuite hostname="DESKTOP-UTQBCI7" ignored="3" name="Default test" tests="1" failures="0" timestamp="2022-01-03T11:12:35 IST" time="135.151" errors="0">
  <testcase name="TC4" time="135.008" classname="appium.mobileframework.Demo1"/>
  <testcase name="TC2" time="0.0" classname="appium.mobileframework.Demo1">
    <ignored/>
  </testcase> <!-- TC2 -->
  <testcase name="TC3" time="0.0" classname="appium.mobileframework.Demo1">
    <ignored/>
  </testcase> <!-- TC3 -->
  <testcase name="TC1" time="0.0" classname="appium.mobileframework.Demo1">
    <ignored/>
  </testcase> <!-- TC1 -->
</testsuite> <!-- Default test -->
