<?xml version="1.0" encoding="UTF-8"?>
<testng-results ignored="2" total="3" passed="1" failed="0" skipped="0">
  <reporter-output>
  </reporter-output>
  <suite started-at="2021-12-13T16:30:37 IST" name="Default suite" finished-at="2021-12-13T16:30:43 IST" duration-ms="5452">
    <groups>
    </groups>
    <test started-at="2021-12-13T16:30:37 IST" name="Default test" finished-at="2021-12-13T16:30:43 IST" duration-ms="5452">
      <class name="selenium.jsexecutor">
        <test-method is-config="true" signature="BT()[pri:0, instance:selenium.jsexecutor@76508ed1]" started-at="2021-12-13T16:30:37 IST" name="BT" finished-at="2021-12-13T16:30:41 IST" duration-ms="3606" status="PASS">
          <reporter-output>
          </reporter-output>
        </test-method> <!-- BT -->
        <test-method signature="HTML_File()[pri:0, instance:selenium.jsexecutor@76508ed1]" started-at="2021-12-13T16:30:41 IST" name="HTML_File" finished-at="2021-12-13T16:30:41 IST" duration-ms="90" status="PASS">
          <reporter-output>
          </reporter-output>
        </test-method> <!-- HTML_File -->
        <test-method is-config="true" signature="AT()[pri:0, instance:selenium.jsexecutor@76508ed1]" started-at="2021-12-13T16:30:41 IST" name="AT" finished-at="2021-12-13T16:30:43 IST" duration-ms="1683" status="PASS">
          <reporter-output>
          </reporter-output>
        </test-method> <!-- AT -->
      </class> <!-- selenium.jsexecutor -->
    </test> <!-- Default test -->
  </suite> <!-- Default suite -->
</testng-results>
