<?xml version="1.0" encoding="UTF-8"?>
<testng-results skipped="0" failed="0" ignored="3" total="4" passed="1">
  <reporter-output>
  </reporter-output>
  <suite name="Suite" duration-ms="130799" started-at="2022-01-03T13:25:14 IST" finished-at="2022-01-03T13:27:25 IST">
    <groups>
    </groups>
    <test name="Test" duration-ms="130799" started-at="2022-01-03T13:25:14 IST" finished-at="2022-01-03T13:27:25 IST">
      <class name="appium.mobileframework.Demo1">
        <test-method status="PASS" signature="BT()[pri:0, instance:appium.mobileframework.Demo1@15b3e5b]" name="BT" is-config="true" duration-ms="53" started-at="2022-01-03T13:25:14 IST" finished-at="2022-01-03T13:25:14 IST">
          <reporter-output>
          </reporter-output>
        </test-method> <!-- BT -->
        <test-method status="PASS" signature="TC4()[pri:0, instance:appium.mobileframework.Demo1@15b3e5b]" name="TC4" duration-ms="130565" started-at="2022-01-03T13:25:14 IST" finished-at="2022-01-03T13:27:25 IST">
          <reporter-output>
          </reporter-output>
        </test-method> <!-- TC4 -->
      </class> <!-- appium.mobileframework.Demo1 -->
    </test> <!-- Test -->
  </suite> <!-- Suite -->
</testng-results>
