<?xml version="1.0" encoding="UTF-8"?>
<testng-results ignored="1" total="2" passed="1" failed="0" skipped="0">
  <reporter-output>
  </reporter-output>
  <suite started-at="2021-12-07T13:35:43 IST" name="Default suite" finished-at="2021-12-07T13:35:52 IST" duration-ms="8822">
    <groups>
    </groups>
    <test started-at="2021-12-07T13:35:43 IST" name="Default test" finished-at="2021-12-07T13:35:52 IST" duration-ms="8822">
      <class name="demoTesting.restDemo">
        <test-method signature="TestCase_02_login()[pri:0, instance:demoTesting.restDemo@ef9296d]" started-at="2021-12-07T13:35:43 IST" name="TestCase_02_login" finished-at="2021-12-07T13:35:52 IST" duration-ms="8760" status="PASS">
          <reporter-output>
          </reporter-output>
        </test-method> <!-- TestCase_02_login -->
      </class> <!-- demoTesting.restDemo -->
    </test> <!-- Default test -->
  </suite> <!-- Default suite -->
</testng-results>
