<?xml version="1.0" encoding="UTF-8"?>
<testng-results ignored="4" total="5" passed="1" failed="0" skipped="0">
  <reporter-output>
  </reporter-output>
  <suite started-at="2021-12-27T07:33:04Z" name="Default suite" finished-at="2021-12-27T07:34:25Z" duration-ms="80792">
    <groups>
    </groups>
    <test started-at="2021-12-27T07:33:04Z" name="Default test" finished-at="2021-12-27T07:34:25Z" duration-ms="80792">
      <class name="hybridAppTesting.generalStoreTesting">
        <test-method is-config="true" signature="bt()[pri:0, instance:hybridAppTesting.generalStoreTesting@4681c175]" started-at="2021-12-27T07:33:04Z" name="bt" finished-at="2021-12-27T07:33:32Z" duration-ms="28253" status="PASS">
          <reporter-output>
          </reporter-output>
        </test-method> <!-- bt -->
        <test-method signature="test5()[pri:0, instance:hybridAppTesting.generalStoreTesting@4681c175]" started-at="2021-12-27T07:33:32Z" name="test5" finished-at="2021-12-27T07:34:25Z" duration-ms="52482" status="PASS">
          <reporter-output>
          </reporter-output>
        </test-method> <!-- test5 -->
      </class> <!-- hybridAppTesting.generalStoreTesting -->
    </test> <!-- Default test -->
  </suite> <!-- Default suite -->
</testng-results>
